email: rafiamirza27@gmail.com; text: 
    <p>Вы или кто то другой зарегистрировались на сайте "МПК СЛАВИЯ" со следующими данными:</p>
    <p>Логин: laurel humphrey</p>
    <p>Пароль: laurel humphrey</p><p>Если это были вы, то подтвердите свою регистрацию перейдя по ссылке ниже:</p>
        <p><a href="http://pkslav.com/profile/?rcl-confirmdata=WyJsYXVyZWwgaHVtcGhyZXkiLCIwMDQxMTQ2MGY3YzkyZDIxMjRhNjdlYTBmNGNiNWY4NSJd">http://pkslav.com/profile/?rcl-confirmdata=WyJsYXVyZWwgaHVtcGhyZXkiLCIwMDQxMTQ2MGY3YzkyZDIxMjRhNjdlYTBmNGNiNWY4NSJd</a></p>
        <p>Не получается активировать аккаунт?</p>
        <p>Скопируйте текст ссылки ниже, вставьте его в адресную строку браузера и нажмите Enter</p><p>Если это были не вы, то просто проигнорируйте это письмо</p><p><small>-----------------------------------------------------<br/>
    Это сообщение было сформировано автоматически, не надо отвечать на него.<br/>
    "МПК СЛАВИЯ"</small></p>; headers: From: МПК СЛАВИЯ <cms.pkslav@gmail.com>
Reply-To: МПК СЛАВИЯ <cms.pkslav@gmail.com>
Return-Path: МПК СЛАВИЯ <cms.pkslav@gmail.com>

email: candacemaebuchek85@hotmail.com; text: 
    <p>Вы или кто то другой зарегистрировались на сайте "МПК СЛАВИЯ" со следующими данными:</p>
    <p>Логин: rylie maynard</p>
    <p>Пароль: rylie maynard</p><p>Если это были вы, то подтвердите свою регистрацию перейдя по ссылке ниже:</p>
        <p><a href="http://pkslav.com/profile/?rcl-confirmdata=WyJyeWxpZSBtYXluYXJkIiwiYmFjOTE2MmI0N2M1NmZjOGE0ZDJhNTE5ODAzZDUxYjMiXQ%3D%3D">http://pkslav.com/profile/?rcl-confirmdata=WyJyeWxpZSBtYXluYXJkIiwiYmFjOTE2MmI0N2M1NmZjOGE0ZDJhNTE5ODAzZDUxYjMiXQ%3D%3D</a></p>
        <p>Не получается активировать аккаунт?</p>
        <p>Скопируйте текст ссылки ниже, вставьте его в адресную строку браузера и нажмите Enter</p><p>Если это были не вы, то просто проигнорируйте это письмо</p><p><small>-----------------------------------------------------<br/>
    Это сообщение было сформировано автоматически, не надо отвечать на него.<br/>
    "МПК СЛАВИЯ"</small></p>; headers: From: МПК СЛАВИЯ <cms.pkslav@gmail.com>
Reply-To: МПК СЛАВИЯ <cms.pkslav@gmail.com>
Return-Path: МПК СЛАВИЯ <cms.pkslav@gmail.com>

email: bruceduke@comcast.net; text: 
    <p>Вы или кто то другой зарегистрировались на сайте "МПК СЛАВИЯ" со следующими данными:</p>
    <p>Логин: finnegan snyder</p>
    <p>Пароль: finnegan snyder</p><p>Если это были вы, то подтвердите свою регистрацию перейдя по ссылке ниже:</p>
        <p><a href="http://pkslav.com/profile/?rcl-confirmdata=WyJmaW5uZWdhbiBzbnlkZXIiLCI5YmU0MGNlZTViMGVlZTE0NjJjODJjNjk2NDA4N2ZmOSJd">http://pkslav.com/profile/?rcl-confirmdata=WyJmaW5uZWdhbiBzbnlkZXIiLCI5YmU0MGNlZTViMGVlZTE0NjJjODJjNjk2NDA4N2ZmOSJd</a></p>
        <p>Не получается активировать аккаунт?</p>
        <p>Скопируйте текст ссылки ниже, вставьте его в адресную строку браузера и нажмите Enter</p><p>Если это были не вы, то просто проигнорируйте это письмо</p><p><small>-----------------------------------------------------<br/>
    Это сообщение было сформировано автоматически, не надо отвечать на него.<br/>
    "МПК СЛАВИЯ"</small></p>; headers: From: МПК СЛАВИЯ <cms.pkslav@gmail.com>
Reply-To: МПК СЛАВИЯ <cms.pkslav@gmail.com>
Return-Path: МПК СЛАВИЯ <cms.pkslav@gmail.com>

email: dlkersch@msn.com; text: 
    <p>Вы или кто то другой зарегистрировались на сайте "МПК СЛАВИЯ" со следующими данными:</p>
    <p>Логин: carley elliott</p>
    <p>Пароль: carley elliott</p><p>Если это были вы, то подтвердите свою регистрацию перейдя по ссылке ниже:</p>
        <p><a href="http://pkslav.com/profile/?rcl-confirmdata=WyJjYXJsZXkgZWxsaW90dCIsIjVlZjY5OGNkOWZlNjUwOTIzZWEzMzFjMTVhZjNiMTYwIl0%3D">http://pkslav.com/profile/?rcl-confirmdata=WyJjYXJsZXkgZWxsaW90dCIsIjVlZjY5OGNkOWZlNjUwOTIzZWEzMzFjMTVhZjNiMTYwIl0%3D</a></p>
        <p>Не получается активировать аккаунт?</p>
        <p>Скопируйте текст ссылки ниже, вставьте его в адресную строку браузера и нажмите Enter</p><p>Если это были не вы, то просто проигнорируйте это письмо</p><p><small>-----------------------------------------------------<br/>
    Это сообщение было сформировано автоматически, не надо отвечать на него.<br/>
    "МПК СЛАВИЯ"</small></p>; headers: From: МПК СЛАВИЯ <cms.pkslav@gmail.com>
Reply-To: МПК СЛАВИЯ <cms.pkslav@gmail.com>
Return-Path: МПК СЛАВИЯ <cms.pkslav@gmail.com>

