email: yislenperalta12@gmail.com; text: 
    <p>Вы или кто то другой зарегистрировались на сайте "МПК СЛАВИЯ" со следующими данными:</p>
    <p>Логин: carley dixon</p>
    <p>Пароль: carley dixon</p><p>Если это были вы, то подтвердите свою регистрацию перейдя по ссылке ниже:</p>
        <p><a href="http://pkslav.com/profile/?rcl-confirmdata=WyJjYXJsZXkgZGl4b24iLCI1YjhhZGQyYTVkOThiMWE2NTJlYTdmZDcyZDk0MmRhYyJd">http://pkslav.com/profile/?rcl-confirmdata=WyJjYXJsZXkgZGl4b24iLCI1YjhhZGQyYTVkOThiMWE2NTJlYTdmZDcyZDk0MmRhYyJd</a></p>
        <p>Не получается активировать аккаунт?</p>
        <p>Скопируйте текст ссылки ниже, вставьте его в адресную строку браузера и нажмите Enter</p><p>Если это были не вы, то просто проигнорируйте это письмо</p><p><small>-----------------------------------------------------<br/>
    Это сообщение было сформировано автоматически, не надо отвечать на него.<br/>
    "МПК СЛАВИЯ"</small></p>; headers: From: МПК СЛАВИЯ <cms.pkslav@gmail.com>
Reply-To: МПК СЛАВИЯ <cms.pkslav@gmail.com>
Return-Path: МПК СЛАВИЯ <cms.pkslav@gmail.com>

email: julostrander@gmail.com; text: 
    <p>Вы или кто то другой зарегистрировались на сайте "МПК СЛАВИЯ" со следующими данными:</p>
    <p>Логин: cheyanne cowan</p>
    <p>Пароль: cheyanne cowan</p><p>Если это были вы, то подтвердите свою регистрацию перейдя по ссылке ниже:</p>
        <p><a href="http://pkslav.com/profile/?rcl-confirmdata=WyJjaGV5YW5uZSBjb3dhbiIsIjQzMmFjYTNhMWUzNDVlMzM5ZjM1YTMwYzhmNjVlZGNlIl0%3D">http://pkslav.com/profile/?rcl-confirmdata=WyJjaGV5YW5uZSBjb3dhbiIsIjQzMmFjYTNhMWUzNDVlMzM5ZjM1YTMwYzhmNjVlZGNlIl0%3D</a></p>
        <p>Не получается активировать аккаунт?</p>
        <p>Скопируйте текст ссылки ниже, вставьте его в адресную строку браузера и нажмите Enter</p><p>Если это были не вы, то просто проигнорируйте это письмо</p><p><small>-----------------------------------------------------<br/>
    Это сообщение было сформировано автоматически, не надо отвечать на него.<br/>
    "МПК СЛАВИЯ"</small></p>; headers: From: МПК СЛАВИЯ <cms.pkslav@gmail.com>
Reply-To: МПК СЛАВИЯ <cms.pkslav@gmail.com>
Return-Path: МПК СЛАВИЯ <cms.pkslav@gmail.com>

email: margo650@yahoo.com; text: 
    <p>Вы или кто то другой зарегистрировались на сайте "МПК СЛАВИЯ" со следующими данными:</p>
    <p>Логин: jaliyah villarreal</p>
    <p>Пароль: jaliyah villarreal</p><p>Если это были вы, то подтвердите свою регистрацию перейдя по ссылке ниже:</p>
        <p><a href="http://pkslav.com/profile/?rcl-confirmdata=WyJqYWxpeWFoIHZpbGxhcnJlYWwiLCI4ZDNiYmE3NDI1ZTdjOThjNTBmNTJjYTFiNTJkMzczNSJd">http://pkslav.com/profile/?rcl-confirmdata=WyJqYWxpeWFoIHZpbGxhcnJlYWwiLCI4ZDNiYmE3NDI1ZTdjOThjNTBmNTJjYTFiNTJkMzczNSJd</a></p>
        <p>Не получается активировать аккаунт?</p>
        <p>Скопируйте текст ссылки ниже, вставьте его в адресную строку браузера и нажмите Enter</p><p>Если это были не вы, то просто проигнорируйте это письмо</p><p><small>-----------------------------------------------------<br/>
    Это сообщение было сформировано автоматически, не надо отвечать на него.<br/>
    "МПК СЛАВИЯ"</small></p>; headers: From: МПК СЛАВИЯ <cms.pkslav@gmail.com>
Reply-To: МПК СЛАВИЯ <cms.pkslav@gmail.com>
Return-Path: МПК СЛАВИЯ <cms.pkslav@gmail.com>

email: laurali.carroll@gmail.com; text: 
    <p>Вы или кто то другой зарегистрировались на сайте "МПК СЛАВИЯ" со следующими данными:</p>
    <p>Логин: jayda mcpherson</p>
    <p>Пароль: jayda mcpherson</p><p>Если это были вы, то подтвердите свою регистрацию перейдя по ссылке ниже:</p>
        <p><a href="http://pkslav.com/profile/?rcl-confirmdata=WyJqYXlkYSBtY3BoZXJzb24iLCIzMjA3MjI1NDlkMTc1MWNmM2YyNDc4NTVmOTM3Yjk4MiJd">http://pkslav.com/profile/?rcl-confirmdata=WyJqYXlkYSBtY3BoZXJzb24iLCIzMjA3MjI1NDlkMTc1MWNmM2YyNDc4NTVmOTM3Yjk4MiJd</a></p>
        <p>Не получается активировать аккаунт?</p>
        <p>Скопируйте текст ссылки ниже, вставьте его в адресную строку браузера и нажмите Enter</p><p>Если это были не вы, то просто проигнорируйте это письмо</p><p><small>-----------------------------------------------------<br/>
    Это сообщение было сформировано автоматически, не надо отвечать на него.<br/>
    "МПК СЛАВИЯ"</small></p>; headers: From: МПК СЛАВИЯ <cms.pkslav@gmail.com>
Reply-To: МПК СЛАВИЯ <cms.pkslav@gmail.com>
Return-Path: МПК СЛАВИЯ <cms.pkslav@gmail.com>

email: rockmommaabc@yahoo.com; text: 
    <p>Вы или кто то другой зарегистрировались на сайте "МПК СЛАВИЯ" со следующими данными:</p>
    <p>Логин: maritza jackson</p>
    <p>Пароль: maritza jackson</p><p>Если это были вы, то подтвердите свою регистрацию перейдя по ссылке ниже:</p>
        <p><a href="http://pkslav.com/profile/?rcl-confirmdata=WyJtYXJpdHphIGphY2tzb24iLCJjYWYxYTNkZmI1MDVmZmVkMGQwMjQxMzBmNThjNWNmYSJd">http://pkslav.com/profile/?rcl-confirmdata=WyJtYXJpdHphIGphY2tzb24iLCJjYWYxYTNkZmI1MDVmZmVkMGQwMjQxMzBmNThjNWNmYSJd</a></p>
        <p>Не получается активировать аккаунт?</p>
        <p>Скопируйте текст ссылки ниже, вставьте его в адресную строку браузера и нажмите Enter</p><p>Если это были не вы, то просто проигнорируйте это письмо</p><p><small>-----------------------------------------------------<br/>
    Это сообщение было сформировано автоматически, не надо отвечать на него.<br/>
    "МПК СЛАВИЯ"</small></p>; headers: From: МПК СЛАВИЯ <cms.pkslav@gmail.com>
Reply-To: МПК СЛАВИЯ <cms.pkslav@gmail.com>
Return-Path: МПК СЛАВИЯ <cms.pkslav@gmail.com>

email: sotkasergey@gmail.com; text: 
    <p>Вы или кто то другой зарегистрировались на сайте "МПК СЛАВИЯ" со следующими данными:</p>
    <p>Логин: sotkasergey@gmail.com</p>
    <p>Пароль: 9148188409</p><p>Если это были вы, то подтвердите свою регистрацию перейдя по ссылке ниже:</p>
        <p><a href="http://pkslav.com/profile/?rcl-confirmdata=WyJzb3RrYXNlcmdleUBnbWFpbC5jb20iLCI1NzM3YzZlYzJlMDcxNmYzZDhhN2E1YzRlMGRlMGQ5YSJd">http://pkslav.com/profile/?rcl-confirmdata=WyJzb3RrYXNlcmdleUBnbWFpbC5jb20iLCI1NzM3YzZlYzJlMDcxNmYzZDhhN2E1YzRlMGRlMGQ5YSJd</a></p>
        <p>Не получается активировать аккаунт?</p>
        <p>Скопируйте текст ссылки ниже, вставьте его в адресную строку браузера и нажмите Enter</p><p>Если это были не вы, то просто проигнорируйте это письмо</p><p><small>-----------------------------------------------------<br/>
    Это сообщение было сформировано автоматически, не надо отвечать на него.<br/>
    "МПК СЛАВИЯ"</small></p>; headers: From: МПК СЛАВИЯ <cms.pkslav@gmail.com>
Reply-To: МПК СЛАВИЯ <cms.pkslav@gmail.com>
Return-Path: МПК СЛАВИЯ <cms.pkslav@gmail.com>

email: mjoweisser@gmail.com; text: 
    <p>Вы или кто то другой зарегистрировались на сайте "МПК СЛАВИЯ" со следующими данными:</p>
    <p>Логин: leila flowers</p>
    <p>Пароль: leila flowers</p><p>Если это были вы, то подтвердите свою регистрацию перейдя по ссылке ниже:</p>
        <p><a href="http://pkslav.com/profile/?rcl-confirmdata=WyJsZWlsYSBmbG93ZXJzIiwiYmM2ZGM0OGI3NDNkYzVkMDEzYjFhYmFlYmQyZmFlZDIiXQ%3D%3D">http://pkslav.com/profile/?rcl-confirmdata=WyJsZWlsYSBmbG93ZXJzIiwiYmM2ZGM0OGI3NDNkYzVkMDEzYjFhYmFlYmQyZmFlZDIiXQ%3D%3D</a></p>
        <p>Не получается активировать аккаунт?</p>
        <p>Скопируйте текст ссылки ниже, вставьте его в адресную строку браузера и нажмите Enter</p><p>Если это были не вы, то просто проигнорируйте это письмо</p><p><small>-----------------------------------------------------<br/>
    Это сообщение было сформировано автоматически, не надо отвечать на него.<br/>
    "МПК СЛАВИЯ"</small></p>; headers: From: МПК СЛАВИЯ <cms.pkslav@gmail.com>
Reply-To: МПК СЛАВИЯ <cms.pkslav@gmail.com>
Return-Path: МПК СЛАВИЯ <cms.pkslav@gmail.com>

email: haaswells@yahoo.com; text: 
    <p>Вы или кто то другой зарегистрировались на сайте "МПК СЛАВИЯ" со следующими данными:</p>
    <p>Логин: hudson mcdaniel</p>
    <p>Пароль: hudson mcdaniel</p><p>Если это были вы, то подтвердите свою регистрацию перейдя по ссылке ниже:</p>
        <p><a href="http://pkslav.com/profile/?rcl-confirmdata=WyJodWRzb24gbWNkYW5pZWwiLCJmMmZjOTkwMjY1YzcxMmM0OWQ1MWExOGEzMmIzOWYwYyJd">http://pkslav.com/profile/?rcl-confirmdata=WyJodWRzb24gbWNkYW5pZWwiLCJmMmZjOTkwMjY1YzcxMmM0OWQ1MWExOGEzMmIzOWYwYyJd</a></p>
        <p>Не получается активировать аккаунт?</p>
        <p>Скопируйте текст ссылки ниже, вставьте его в адресную строку браузера и нажмите Enter</p><p>Если это были не вы, то просто проигнорируйте это письмо</p><p><small>-----------------------------------------------------<br/>
    Это сообщение было сформировано автоматически, не надо отвечать на него.<br/>
    "МПК СЛАВИЯ"</small></p>; headers: From: МПК СЛАВИЯ <cms.pkslav@gmail.com>
Reply-To: МПК СЛАВИЯ <cms.pkslav@gmail.com>
Return-Path: МПК СЛАВИЯ <cms.pkslav@gmail.com>

email: jgasaw00@gmail.com; text: 
    <p>Вы или кто то другой зарегистрировались на сайте "МПК СЛАВИЯ" со следующими данными:</p>
    <p>Логин: alena mcdaniel</p>
    <p>Пароль: alena mcdaniel</p><p>Если это были вы, то подтвердите свою регистрацию перейдя по ссылке ниже:</p>
        <p><a href="http://pkslav.com/profile/?rcl-confirmdata=WyJhbGVuYSBtY2RhbmllbCIsIjg5ZjBmZDVjOTI3ZDQ2NmQ2ZWM5YTIxYjlhYzM0ZmZhIl0%3D">http://pkslav.com/profile/?rcl-confirmdata=WyJhbGVuYSBtY2RhbmllbCIsIjg5ZjBmZDVjOTI3ZDQ2NmQ2ZWM5YTIxYjlhYzM0ZmZhIl0%3D</a></p>
        <p>Не получается активировать аккаунт?</p>
        <p>Скопируйте текст ссылки ниже, вставьте его в адресную строку браузера и нажмите Enter</p><p>Если это были не вы, то просто проигнорируйте это письмо</p><p><small>-----------------------------------------------------<br/>
    Это сообщение было сформировано автоматически, не надо отвечать на него.<br/>
    "МПК СЛАВИЯ"</small></p>; headers: From: МПК СЛАВИЯ <cms.pkslav@gmail.com>
Reply-To: МПК СЛАВИЯ <cms.pkslav@gmail.com>
Return-Path: МПК СЛАВИЯ <cms.pkslav@gmail.com>

email: andreasperling@gmail.com; text: 
    <p>Вы или кто то другой зарегистрировались на сайте "МПК СЛАВИЯ" со следующими данными:</p>
    <p>Логин: jaliyah short</p>
    <p>Пароль: jaliyah short</p><p>Если это были вы, то подтвердите свою регистрацию перейдя по ссылке ниже:</p>
        <p><a href="http://pkslav.com/profile/?rcl-confirmdata=WyJqYWxpeWFoIHNob3J0IiwiYTY2NjU4N2FmZGE2ZTg5YWVjMjc0YTM2NTc1NThhMjciXQ%3D%3D">http://pkslav.com/profile/?rcl-confirmdata=WyJqYWxpeWFoIHNob3J0IiwiYTY2NjU4N2FmZGE2ZTg5YWVjMjc0YTM2NTc1NThhMjciXQ%3D%3D</a></p>
        <p>Не получается активировать аккаунт?</p>
        <p>Скопируйте текст ссылки ниже, вставьте его в адресную строку браузера и нажмите Enter</p><p>Если это были не вы, то просто проигнорируйте это письмо</p><p><small>-----------------------------------------------------<br/>
    Это сообщение было сформировано автоматически, не надо отвечать на него.<br/>
    "МПК СЛАВИЯ"</small></p>; headers: From: МПК СЛАВИЯ <cms.pkslav@gmail.com>
Reply-To: МПК СЛАВИЯ <cms.pkslav@gmail.com>
Return-Path: МПК СЛАВИЯ <cms.pkslav@gmail.com>

email: dpo@sredamonay.com; text: 
    <p>Вы или кто то другой зарегистрировались на сайте "МПК СЛАВИЯ" со следующими данными:</p>
    <p>Логин: raelynn adkins</p>
    <p>Пароль: raelynn adkins</p><p>Если это были вы, то подтвердите свою регистрацию перейдя по ссылке ниже:</p>
        <p><a href="http://pkslav.com/profile/?rcl-confirmdata=WyJyYWVseW5uIGFka2lucyIsImI4M2FhYzIzYjk1Mjg3MzJjMjNjYzczNTI5NTBlODgwIl0%3D">http://pkslav.com/profile/?rcl-confirmdata=WyJyYWVseW5uIGFka2lucyIsImI4M2FhYzIzYjk1Mjg3MzJjMjNjYzczNTI5NTBlODgwIl0%3D</a></p>
        <p>Не получается активировать аккаунт?</p>
        <p>Скопируйте текст ссылки ниже, вставьте его в адресную строку браузера и нажмите Enter</p><p>Если это были не вы, то просто проигнорируйте это письмо</p><p><small>-----------------------------------------------------<br/>
    Это сообщение было сформировано автоматически, не надо отвечать на него.<br/>
    "МПК СЛАВИЯ"</small></p>; headers: From: МПК СЛАВИЯ <cms.pkslav@gmail.com>
Reply-To: МПК СЛАВИЯ <cms.pkslav@gmail.com>
Return-Path: МПК СЛАВИЯ <cms.pkslav@gmail.com>

email: connieg_2@aol.com; text: 
    <p>Вы или кто то другой зарегистрировались на сайте "МПК СЛАВИЯ" со следующими данными:</p>
    <p>Логин: kolten savage</p>
    <p>Пароль: kolten savage</p><p>Если это были вы, то подтвердите свою регистрацию перейдя по ссылке ниже:</p>
        <p><a href="http://pkslav.com/profile/?rcl-confirmdata=WyJrb2x0ZW4gc2F2YWdlIiwiY2QwMDY5MmMzYmZlNTkyNjdkNWVjZmFjNTMxMDI4NmMiXQ%3D%3D">http://pkslav.com/profile/?rcl-confirmdata=WyJrb2x0ZW4gc2F2YWdlIiwiY2QwMDY5MmMzYmZlNTkyNjdkNWVjZmFjNTMxMDI4NmMiXQ%3D%3D</a></p>
        <p>Не получается активировать аккаунт?</p>
        <p>Скопируйте текст ссылки ниже, вставьте его в адресную строку браузера и нажмите Enter</p><p>Если это были не вы, то просто проигнорируйте это письмо</p><p><small>-----------------------------------------------------<br/>
    Это сообщение было сформировано автоматически, не надо отвечать на него.<br/>
    "МПК СЛАВИЯ"</small></p>; headers: From: МПК СЛАВИЯ <cms.pkslav@gmail.com>
Reply-To: МПК СЛАВИЯ <cms.pkslav@gmail.com>
Return-Path: МПК СЛАВИЯ <cms.pkslav@gmail.com>

