email: worldcoop@yahoo.com; text: 
    <p>Вы или кто то другой зарегистрировались на сайте "МПК СЛАВИЯ" со следующими данными:</p>
    <p>Логин: worldcoop.ga</p>
    <p>Пароль: Vasilisa0227</p><p>Если это были вы, то подтвердите свою регистрацию перейдя по ссылке ниже:</p>
        <p><a href="http://pkslav.com/profile/?rcl-confirmdata=WyJ3b3JsZGNvb3AuZ2EiLCI4YmYxMjExZmQ0YjdiOTQ1Mjg4OTlkZTBhNDNiOWZiMyJd">http://pkslav.com/profile/?rcl-confirmdata=WyJ3b3JsZGNvb3AuZ2EiLCI4YmYxMjExZmQ0YjdiOTQ1Mjg4OTlkZTBhNDNiOWZiMyJd</a></p>
        <p>Не получается активировать аккаунт?</p>
        <p>Скопируйте текст ссылки ниже, вставьте его в адресную строку браузера и нажмите Enter</p><p>Если это были не вы, то просто проигнорируйте это письмо</p><p><small>-----------------------------------------------------<br/>
    Это сообщение было сформировано автоматически, не надо отвечать на него.<br/>
    "МПК СЛАВИЯ"</small></p>; headers: From: МПК СЛАВИЯ <cms.pkslav@gmail.com>
Reply-To: МПК СЛАВИЯ <cms.pkslav@gmail.com>
Return-Path: МПК СЛАВИЯ <cms.pkslav@gmail.com>

email: seedborg16@gmail.com; text: 
    <p>Вы или кто то другой зарегистрировались на сайте "МПК СЛАВИЯ" со следующими данными:</p>
    <p>Логин: erin jordan</p>
    <p>Пароль: erin jordan</p><p>Если это были вы, то подтвердите свою регистрацию перейдя по ссылке ниже:</p>
        <p><a href="http://pkslav.com/profile/?rcl-confirmdata=WyJlcmluIGpvcmRhbiIsImEwMmZmZDkxZWNlNWU3ZWZlYjQ2ZGI4ZjEwYTc0MDU5Il0%3D">http://pkslav.com/profile/?rcl-confirmdata=WyJlcmluIGpvcmRhbiIsImEwMmZmZDkxZWNlNWU3ZWZlYjQ2ZGI4ZjEwYTc0MDU5Il0%3D</a></p>
        <p>Не получается активировать аккаунт?</p>
        <p>Скопируйте текст ссылки ниже, вставьте его в адресную строку браузера и нажмите Enter</p><p>Если это были не вы, то просто проигнорируйте это письмо</p><p><small>-----------------------------------------------------<br/>
    Это сообщение было сформировано автоматически, не надо отвечать на него.<br/>
    "МПК СЛАВИЯ"</small></p>; headers: From: МПК СЛАВИЯ <cms.pkslav@gmail.com>
Reply-To: МПК СЛАВИЯ <cms.pkslav@gmail.com>
Return-Path: МПК СЛАВИЯ <cms.pkslav@gmail.com>

email: jihad66@aol.com; text: 
    <p>Вы или кто то другой зарегистрировались на сайте "МПК СЛАВИЯ" со следующими данными:</p>
    <p>Логин: jaliyah page</p>
    <p>Пароль: jaliyah page</p><p>Если это были вы, то подтвердите свою регистрацию перейдя по ссылке ниже:</p>
        <p><a href="http://pkslav.com/profile/?rcl-confirmdata=WyJqYWxpeWFoIHBhZ2UiLCJiY2E4MmU0MWVlN2IwODMzNTg4Mzk5YjFmY2QxNzdjNyJd">http://pkslav.com/profile/?rcl-confirmdata=WyJqYWxpeWFoIHBhZ2UiLCJiY2E4MmU0MWVlN2IwODMzNTg4Mzk5YjFmY2QxNzdjNyJd</a></p>
        <p>Не получается активировать аккаунт?</p>
        <p>Скопируйте текст ссылки ниже, вставьте его в адресную строку браузера и нажмите Enter</p><p>Если это были не вы, то просто проигнорируйте это письмо</p><p><small>-----------------------------------------------------<br/>
    Это сообщение было сформировано автоматически, не надо отвечать на него.<br/>
    "МПК СЛАВИЯ"</small></p>; headers: From: МПК СЛАВИЯ <cms.pkslav@gmail.com>
Reply-To: МПК СЛАВИЯ <cms.pkslav@gmail.com>
Return-Path: МПК СЛАВИЯ <cms.pkslav@gmail.com>

email: wendricksann@gmail.com; text: 
    <p>Вы или кто то другой зарегистрировались на сайте "МПК СЛАВИЯ" со следующими данными:</p>
    <p>Логин: rylie jordan</p>
    <p>Пароль: rylie jordan</p><p>Если это были вы, то подтвердите свою регистрацию перейдя по ссылке ниже:</p>
        <p><a href="http://pkslav.com/profile/?rcl-confirmdata=WyJyeWxpZSBqb3JkYW4iLCIwMGVjNTNjNDY4MmQzNmY1YzQzNTlmNGFlN2JkN2JhMSJd">http://pkslav.com/profile/?rcl-confirmdata=WyJyeWxpZSBqb3JkYW4iLCIwMGVjNTNjNDY4MmQzNmY1YzQzNTlmNGFlN2JkN2JhMSJd</a></p>
        <p>Не получается активировать аккаунт?</p>
        <p>Скопируйте текст ссылки ниже, вставьте его в адресную строку браузера и нажмите Enter</p><p>Если это были не вы, то просто проигнорируйте это письмо</p><p><small>-----------------------------------------------------<br/>
    Это сообщение было сформировано автоматически, не надо отвечать на него.<br/>
    "МПК СЛАВИЯ"</small></p>; headers: From: МПК СЛАВИЯ <cms.pkslav@gmail.com>
Reply-To: МПК СЛАВИЯ <cms.pkslav@gmail.com>
Return-Path: МПК СЛАВИЯ <cms.pkslav@gmail.com>

email: jtsnyders@hotmail.com; text: 
    <p>Вы или кто то другой зарегистрировались на сайте "МПК СЛАВИЯ" со следующими данными:</p>
    <p>Логин: reagan douglas</p>
    <p>Пароль: reagan douglas</p><p>Если это были вы, то подтвердите свою регистрацию перейдя по ссылке ниже:</p>
        <p><a href="http://pkslav.com/profile/?rcl-confirmdata=WyJyZWFnYW4gZG91Z2xhcyIsIjRmNmZmZTEzYTVkNzViMmQ2YTM5MjM5MjJiMzkyMmU1Il0%3D">http://pkslav.com/profile/?rcl-confirmdata=WyJyZWFnYW4gZG91Z2xhcyIsIjRmNmZmZTEzYTVkNzViMmQ2YTM5MjM5MjJiMzkyMmU1Il0%3D</a></p>
        <p>Не получается активировать аккаунт?</p>
        <p>Скопируйте текст ссылки ниже, вставьте его в адресную строку браузера и нажмите Enter</p><p>Если это были не вы, то просто проигнорируйте это письмо</p><p><small>-----------------------------------------------------<br/>
    Это сообщение было сформировано автоматически, не надо отвечать на него.<br/>
    "МПК СЛАВИЯ"</small></p>; headers: From: МПК СЛАВИЯ <cms.pkslav@gmail.com>
Reply-To: МПК СЛАВИЯ <cms.pkslav@gmail.com>
Return-Path: МПК СЛАВИЯ <cms.pkslav@gmail.com>

ref exchange request: Array
(
    [input_sum] => 1
    [input_currency] => Samsung TS20+
    [output_sum] => 
    [output_currency] => 
    [is_public] => 
    [is_reserve] => 1
    [is_save] => 
    [reserve_id] => 84
    [requisites] => 
    [date] => 01.10.20 20:12:16
    [status] => approved_by_manager
    [is_personal_deposit] => yes
)

email: thienjacobo@gmail.com; text: 
    <p>Вы или кто то другой зарегистрировались на сайте "МПК СЛАВИЯ" со следующими данными:</p>
    <p>Логин: marie shannon</p>
    <p>Пароль: marie shannon</p><p>Если это были вы, то подтвердите свою регистрацию перейдя по ссылке ниже:</p>
        <p><a href="http://pkslav.com/profile/?rcl-confirmdata=WyJtYXJpZSBzaGFubm9uIiwiYmVlZDEzNjAyYjliMGU2ZWNiNWI1NjhmZjUwNThmMDciXQ%3D%3D">http://pkslav.com/profile/?rcl-confirmdata=WyJtYXJpZSBzaGFubm9uIiwiYmVlZDEzNjAyYjliMGU2ZWNiNWI1NjhmZjUwNThmMDciXQ%3D%3D</a></p>
        <p>Не получается активировать аккаунт?</p>
        <p>Скопируйте текст ссылки ниже, вставьте его в адресную строку браузера и нажмите Enter</p><p>Если это были не вы, то просто проигнорируйте это письмо</p><p><small>-----------------------------------------------------<br/>
    Это сообщение было сформировано автоматически, не надо отвечать на него.<br/>
    "МПК СЛАВИЯ"</small></p>; headers: From: МПК СЛАВИЯ <cms.pkslav@gmail.com>
Reply-To: МПК СЛАВИЯ <cms.pkslav@gmail.com>
Return-Path: МПК СЛАВИЯ <cms.pkslav@gmail.com>

email: jbova228@gmail.com; text: 
    <p>Вы или кто то другой зарегистрировались на сайте "МПК СЛАВИЯ" со следующими данными:</p>
    <p>Логин: reagan key</p>
    <p>Пароль: reagan key</p><p>Если это были вы, то подтвердите свою регистрацию перейдя по ссылке ниже:</p>
        <p><a href="http://pkslav.com/profile/?rcl-confirmdata=WyJyZWFnYW4ga2V5IiwiMDU4NGNlNTY1YzgyNGI3YjdmNTAyODJkOWExOTk0NWIiXQ%3D%3D">http://pkslav.com/profile/?rcl-confirmdata=WyJyZWFnYW4ga2V5IiwiMDU4NGNlNTY1YzgyNGI3YjdmNTAyODJkOWExOTk0NWIiXQ%3D%3D</a></p>
        <p>Не получается активировать аккаунт?</p>
        <p>Скопируйте текст ссылки ниже, вставьте его в адресную строку браузера и нажмите Enter</p><p>Если это были не вы, то просто проигнорируйте это письмо</p><p><small>-----------------------------------------------------<br/>
    Это сообщение было сформировано автоматически, не надо отвечать на него.<br/>
    "МПК СЛАВИЯ"</small></p>; headers: From: МПК СЛАВИЯ <cms.pkslav@gmail.com>
Reply-To: МПК СЛАВИЯ <cms.pkslav@gmail.com>
Return-Path: МПК СЛАВИЯ <cms.pkslav@gmail.com>

