email: karleenelson24@gmail.com; text: 
    <p>Вы или кто то другой зарегистрировались на сайте "МПК СЛАВИЯ" со следующими данными:</p>
    <p>Логин: jerry walters</p>
    <p>Пароль: jerry walters</p><p>Если это были вы, то подтвердите свою регистрацию перейдя по ссылке ниже:</p>
        <p><a href="http://pkslav.com/profile/?rcl-confirmdata=WyJqZXJyeSB3YWx0ZXJzIiwiZWZlOTM3NzgwZTk1NTc0MjUwZGFiZTA3MTUxYmRjMjMiXQ%3D%3D">http://pkslav.com/profile/?rcl-confirmdata=WyJqZXJyeSB3YWx0ZXJzIiwiZWZlOTM3NzgwZTk1NTc0MjUwZGFiZTA3MTUxYmRjMjMiXQ%3D%3D</a></p>
        <p>Не получается активировать аккаунт?</p>
        <p>Скопируйте текст ссылки ниже, вставьте его в адресную строку браузера и нажмите Enter</p><p>Если это были не вы, то просто проигнорируйте это письмо</p><p><small>-----------------------------------------------------<br/>
    Это сообщение было сформировано автоматически, не надо отвечать на него.<br/>
    "МПК СЛАВИЯ"</small></p>; headers: From: МПК СЛАВИЯ <cms.pkslav@gmail.com>
Reply-To: МПК СЛАВИЯ <cms.pkslav@gmail.com>
Return-Path: МПК СЛАВИЯ <cms.pkslav@gmail.com>

email: rvbound1962@yahoo.com; text: 
    <p>Вы или кто то другой зарегистрировались на сайте "МПК СЛАВИЯ" со следующими данными:</p>
    <p>Логин: esme li</p>
    <p>Пароль: esme li</p><p>Если это были вы, то подтвердите свою регистрацию перейдя по ссылке ниже:</p>
        <p><a href="http://pkslav.com/profile/?rcl-confirmdata=WyJlc21lIGxpIiwiMzcxYmNlN2RjODM4MTdiNzg5M2JjZGVlZDEzNzk5YjUiXQ%3D%3D">http://pkslav.com/profile/?rcl-confirmdata=WyJlc21lIGxpIiwiMzcxYmNlN2RjODM4MTdiNzg5M2JjZGVlZDEzNzk5YjUiXQ%3D%3D</a></p>
        <p>Не получается активировать аккаунт?</p>
        <p>Скопируйте текст ссылки ниже, вставьте его в адресную строку браузера и нажмите Enter</p><p>Если это были не вы, то просто проигнорируйте это письмо</p><p><small>-----------------------------------------------------<br/>
    Это сообщение было сформировано автоматически, не надо отвечать на него.<br/>
    "МПК СЛАВИЯ"</small></p>; headers: From: МПК СЛАВИЯ <cms.pkslav@gmail.com>
Reply-To: МПК СЛАВИЯ <cms.pkslav@gmail.com>
Return-Path: МПК СЛАВИЯ <cms.pkslav@gmail.com>

email: andrea.buttross@gmail.com; text: 
    <p>Вы или кто то другой зарегистрировались на сайте "МПК СЛАВИЯ" со следующими данными:</p>
    <p>Логин: reagan elliott</p>
    <p>Пароль: ally villarreal</p><p>Если это были вы, то подтвердите свою регистрацию перейдя по ссылке ниже:</p>
        <p><a href="http://pkslav.com/profile/?rcl-confirmdata=WyJyZWFnYW4gZWxsaW90dCIsIjEzOGJiMDY5NjU5NWIzMzhhZmJhYjMzM2M1NTUyOTJhIl0%3D">http://pkslav.com/profile/?rcl-confirmdata=WyJyZWFnYW4gZWxsaW90dCIsIjEzOGJiMDY5NjU5NWIzMzhhZmJhYjMzM2M1NTUyOTJhIl0%3D</a></p>
        <p>Не получается активировать аккаунт?</p>
        <p>Скопируйте текст ссылки ниже, вставьте его в адресную строку браузера и нажмите Enter</p><p>Если это были не вы, то просто проигнорируйте это письмо</p><p><small>-----------------------------------------------------<br/>
    Это сообщение было сформировано автоматически, не надо отвечать на него.<br/>
    "МПК СЛАВИЯ"</small></p>; headers: From: МПК СЛАВИЯ <cms.pkslav@gmail.com>
Reply-To: МПК СЛАВИЯ <cms.pkslav@gmail.com>
Return-Path: МПК СЛАВИЯ <cms.pkslav@gmail.com>

email: keenerrios@gmail.com; text: 
    <p>Вы или кто то другой зарегистрировались на сайте "МПК СЛАВИЯ" со следующими данными:</p>
    <p>Логин: jerry chambers</p>
    <p>Пароль: jerry chambers</p><p>Если это были вы, то подтвердите свою регистрацию перейдя по ссылке ниже:</p>
        <p><a href="http://pkslav.com/profile/?rcl-confirmdata=WyJqZXJyeSBjaGFtYmVycyIsIjhkZDQ4ZDZhMmUyY2FkMjEzMTc5YTM5OTJjMGJlNTNjIl0%3D">http://pkslav.com/profile/?rcl-confirmdata=WyJqZXJyeSBjaGFtYmVycyIsIjhkZDQ4ZDZhMmUyY2FkMjEzMTc5YTM5OTJjMGJlNTNjIl0%3D</a></p>
        <p>Не получается активировать аккаунт?</p>
        <p>Скопируйте текст ссылки ниже, вставьте его в адресную строку браузера и нажмите Enter</p><p>Если это были не вы, то просто проигнорируйте это письмо</p><p><small>-----------------------------------------------------<br/>
    Это сообщение было сформировано автоматически, не надо отвечать на него.<br/>
    "МПК СЛАВИЯ"</small></p>; headers: From: МПК СЛАВИЯ <cms.pkslav@gmail.com>
Reply-To: МПК СЛАВИЯ <cms.pkslav@gmail.com>
Return-Path: МПК СЛАВИЯ <cms.pkslav@gmail.com>

email: hopewhite754@gmail.com; text: 
    <p>Вы или кто то другой зарегистрировались на сайте "МПК СЛАВИЯ" со следующими данными:</p>
    <p>Логин: laurel ballard</p>
    <p>Пароль: laurel ballard</p><p>Если это были вы, то подтвердите свою регистрацию перейдя по ссылке ниже:</p>
        <p><a href="http://pkslav.com/profile/?rcl-confirmdata=WyJsYXVyZWwgYmFsbGFyZCIsIjgyY2VjOTYwOTZkNDI4MWI3Yzk1Y2Q3ZTc0NjIzNDk2Il0%3D">http://pkslav.com/profile/?rcl-confirmdata=WyJsYXVyZWwgYmFsbGFyZCIsIjgyY2VjOTYwOTZkNDI4MWI3Yzk1Y2Q3ZTc0NjIzNDk2Il0%3D</a></p>
        <p>Не получается активировать аккаунт?</p>
        <p>Скопируйте текст ссылки ниже, вставьте его в адресную строку браузера и нажмите Enter</p><p>Если это были не вы, то просто проигнорируйте это письмо</p><p><small>-----------------------------------------------------<br/>
    Это сообщение было сформировано автоматически, не надо отвечать на него.<br/>
    "МПК СЛАВИЯ"</small></p>; headers: From: МПК СЛАВИЯ <cms.pkslav@gmail.com>
Reply-To: МПК СЛАВИЯ <cms.pkslav@gmail.com>
Return-Path: МПК СЛАВИЯ <cms.pkslav@gmail.com>

email: clw32793@gmail.com; text: 
    <p>Вы или кто то другой зарегистрировались на сайте "МПК СЛАВИЯ" со следующими данными:</p>
    <p>Логин: krystal dixon</p>
    <p>Пароль: krystal dixon</p><p>Если это были вы, то подтвердите свою регистрацию перейдя по ссылке ниже:</p>
        <p><a href="http://pkslav.com/profile/?rcl-confirmdata=WyJrcnlzdGFsIGRpeG9uIiwiNmM1MjRmOWQ1ZDcwMjc0NTRhNzgzYzg0MTI1MGJhNzEiXQ%3D%3D">http://pkslav.com/profile/?rcl-confirmdata=WyJrcnlzdGFsIGRpeG9uIiwiNmM1MjRmOWQ1ZDcwMjc0NTRhNzgzYzg0MTI1MGJhNzEiXQ%3D%3D</a></p>
        <p>Не получается активировать аккаунт?</p>
        <p>Скопируйте текст ссылки ниже, вставьте его в адресную строку браузера и нажмите Enter</p><p>Если это были не вы, то просто проигнорируйте это письмо</p><p><small>-----------------------------------------------------<br/>
    Это сообщение было сформировано автоматически, не надо отвечать на него.<br/>
    "МПК СЛАВИЯ"</small></p>; headers: From: МПК СЛАВИЯ <cms.pkslav@gmail.com>
Reply-To: МПК СЛАВИЯ <cms.pkslav@gmail.com>
Return-Path: МПК СЛАВИЯ <cms.pkslav@gmail.com>

email: yael5000@yahoo.com; text: 
    <p>Вы или кто то другой зарегистрировались на сайте "МПК СЛАВИЯ" со следующими данными:</p>
    <p>Логин: hudson villarreal</p>
    <p>Пароль: hudson villarreal</p><p>Если это были вы, то подтвердите свою регистрацию перейдя по ссылке ниже:</p>
        <p><a href="http://pkslav.com/profile/?rcl-confirmdata=WyJodWRzb24gdmlsbGFycmVhbCIsImZiN2I5ZmZhNTQ2MjA4NGM1ZjRlN2U4NWEwOTNlNmQ3Il0%3D">http://pkslav.com/profile/?rcl-confirmdata=WyJodWRzb24gdmlsbGFycmVhbCIsImZiN2I5ZmZhNTQ2MjA4NGM1ZjRlN2U4NWEwOTNlNmQ3Il0%3D</a></p>
        <p>Не получается активировать аккаунт?</p>
        <p>Скопируйте текст ссылки ниже, вставьте его в адресную строку браузера и нажмите Enter</p><p>Если это были не вы, то просто проигнорируйте это письмо</p><p><small>-----------------------------------------------------<br/>
    Это сообщение было сформировано автоматически, не надо отвечать на него.<br/>
    "МПК СЛАВИЯ"</small></p>; headers: From: МПК СЛАВИЯ <cms.pkslav@gmail.com>
Reply-To: МПК СЛАВИЯ <cms.pkslav@gmail.com>
Return-Path: МПК СЛАВИЯ <cms.pkslav@gmail.com>

