email: riley.z@icloud.com; text: 
    <p>Вы или кто то другой зарегистрировались на сайте "МПК СЛАВИЯ" со следующими данными:</p>
    <p>Логин: kolten weber</p>
    <p>Пароль: kolten weber</p><p>Если это были вы, то подтвердите свою регистрацию перейдя по ссылке ниже:</p>
        <p><a href="http://pkslav.com/profile/?rcl-confirmdata=WyJrb2x0ZW4gd2ViZXIiLCI2ZmFhODA0MGRhMjBlZjM5OWI2M2E3MmQwZTRhYjU3NSJd">http://pkslav.com/profile/?rcl-confirmdata=WyJrb2x0ZW4gd2ViZXIiLCI2ZmFhODA0MGRhMjBlZjM5OWI2M2E3MmQwZTRhYjU3NSJd</a></p>
        <p>Не получается активировать аккаунт?</p>
        <p>Скопируйте текст ссылки ниже, вставьте его в адресную строку браузера и нажмите Enter</p><p>Если это были не вы, то просто проигнорируйте это письмо</p><p><small>-----------------------------------------------------<br/>
    Это сообщение было сформировано автоматически, не надо отвечать на него.<br/>
    "МПК СЛАВИЯ"</small></p>; headers: From: МПК СЛАВИЯ <cms.pkslav@gmail.com>
Reply-To: МПК СЛАВИЯ <cms.pkslav@gmail.com>
Return-Path: МПК СЛАВИЯ <cms.pkslav@gmail.com>

email: kford113@rams.wssu.edu; text: 
    <p>Вы или кто то другой зарегистрировались на сайте "МПК СЛАВИЯ" со следующими данными:</p>
    <p>Логин: jaliyah hale</p>
    <p>Пароль: jaliyah hale</p><p>Если это были вы, то подтвердите свою регистрацию перейдя по ссылке ниже:</p>
        <p><a href="http://pkslav.com/profile/?rcl-confirmdata=WyJqYWxpeWFoIGhhbGUiLCJmZTczZjY4N2U1YmM1MjgwMjE0ZTA0ODZiMjczYTVmOSJd">http://pkslav.com/profile/?rcl-confirmdata=WyJqYWxpeWFoIGhhbGUiLCJmZTczZjY4N2U1YmM1MjgwMjE0ZTA0ODZiMjczYTVmOSJd</a></p>
        <p>Не получается активировать аккаунт?</p>
        <p>Скопируйте текст ссылки ниже, вставьте его в адресную строку браузера и нажмите Enter</p><p>Если это были не вы, то просто проигнорируйте это письмо</p><p><small>-----------------------------------------------------<br/>
    Это сообщение было сформировано автоматически, не надо отвечать на него.<br/>
    "МПК СЛАВИЯ"</small></p>; headers: From: МПК СЛАВИЯ <cms.pkslav@gmail.com>
Reply-To: МПК СЛАВИЯ <cms.pkslav@gmail.com>
Return-Path: МПК СЛАВИЯ <cms.pkslav@gmail.com>

email: igorturcaninov80@gmail.com; text: 
    <p>Вы или кто то другой зарегистрировались на сайте "МПК СЛАВИЯ" со следующими данными:</p>
    <p>Логин: Pastor</p>
    <p>Пароль: pastor7474</p><p>Если это были вы, то подтвердите свою регистрацию перейдя по ссылке ниже:</p>
        <p><a href="http://pkslav.com/profile/?rcl-confirmdata=WyJQYXN0b3IiLCI2ZGEzN2RkMzEzOWFhNGQ5YWE1NWI4ZDIzN2VjNWQ0YSJd">http://pkslav.com/profile/?rcl-confirmdata=WyJQYXN0b3IiLCI2ZGEzN2RkMzEzOWFhNGQ5YWE1NWI4ZDIzN2VjNWQ0YSJd</a></p>
        <p>Не получается активировать аккаунт?</p>
        <p>Скопируйте текст ссылки ниже, вставьте его в адресную строку браузера и нажмите Enter</p><p>Если это были не вы, то просто проигнорируйте это письмо</p><p><small>-----------------------------------------------------<br/>
    Это сообщение было сформировано автоматически, не надо отвечать на него.<br/>
    "МПК СЛАВИЯ"</small></p>; headers: From: МПК СЛАВИЯ <cms.pkslav@gmail.com>
Reply-To: МПК СЛАВИЯ <cms.pkslav@gmail.com>
Return-Path: МПК СЛАВИЯ <cms.pkslav@gmail.com>

email: manojones50@gmail.com; text: 
    <p>Вы или кто то другой зарегистрировались на сайте "МПК СЛАВИЯ" со следующими данными:</p>
    <p>Логин: gloria frazier</p>
    <p>Пароль: gloria frazier</p><p>Если это были вы, то подтвердите свою регистрацию перейдя по ссылке ниже:</p>
        <p><a href="http://pkslav.com/profile/?rcl-confirmdata=WyJnbG9yaWEgZnJhemllciIsImMwNDJmNGRiNjhmMjM0MDZjNmNlY2Y4NGE3ZWJiMGZlIl0%3D">http://pkslav.com/profile/?rcl-confirmdata=WyJnbG9yaWEgZnJhemllciIsImMwNDJmNGRiNjhmMjM0MDZjNmNlY2Y4NGE3ZWJiMGZlIl0%3D</a></p>
        <p>Не получается активировать аккаунт?</p>
        <p>Скопируйте текст ссылки ниже, вставьте его в адресную строку браузера и нажмите Enter</p><p>Если это были не вы, то просто проигнорируйте это письмо</p><p><small>-----------------------------------------------------<br/>
    Это сообщение было сформировано автоматически, не надо отвечать на него.<br/>
    "МПК СЛАВИЯ"</small></p>; headers: From: МПК СЛАВИЯ <cms.pkslav@gmail.com>
Reply-To: МПК СЛАВИЯ <cms.pkslav@gmail.com>
Return-Path: МПК СЛАВИЯ <cms.pkslav@gmail.com>

email: tatizholder12@hotmail.com; text: 
    <p>Вы или кто то другой зарегистрировались на сайте "МПК СЛАВИЯ" со следующими данными:</p>
    <p>Логин: deangelo lucero</p>
    <p>Пароль: deangelo lucero</p><p>Если это были вы, то подтвердите свою регистрацию перейдя по ссылке ниже:</p>
        <p><a href="http://pkslav.com/profile/?rcl-confirmdata=WyJkZWFuZ2VsbyBsdWNlcm8iLCIzMTBkY2JiZjRjY2U2MmY3NjJhMmFhYTE0OGQ1NTZiZCJd">http://pkslav.com/profile/?rcl-confirmdata=WyJkZWFuZ2VsbyBsdWNlcm8iLCIzMTBkY2JiZjRjY2U2MmY3NjJhMmFhYTE0OGQ1NTZiZCJd</a></p>
        <p>Не получается активировать аккаунт?</p>
        <p>Скопируйте текст ссылки ниже, вставьте его в адресную строку браузера и нажмите Enter</p><p>Если это были не вы, то просто проигнорируйте это письмо</p><p><small>-----------------------------------------------------<br/>
    Это сообщение было сформировано автоматически, не надо отвечать на него.<br/>
    "МПК СЛАВИЯ"</small></p>; headers: From: МПК СЛАВИЯ <cms.pkslav@gmail.com>
Reply-To: МПК СЛАВИЯ <cms.pkslav@gmail.com>
Return-Path: МПК СЛАВИЯ <cms.pkslav@gmail.com>

email: pickardjen@hotmail.com; text: 
    <p>Вы или кто то другой зарегистрировались на сайте "МПК СЛАВИЯ" со следующими данными:</p>
    <p>Логин: jaylene li</p>
    <p>Пароль: jaylene li</p><p>Если это были вы, то подтвердите свою регистрацию перейдя по ссылке ниже:</p>
        <p><a href="http://pkslav.com/profile/?rcl-confirmdata=WyJqYXlsZW5lIGxpIiwiMmYyYjI2NTYyNWQ3NmE2NzA0YjA4MDkzYzY1MmZkNzkiXQ%3D%3D">http://pkslav.com/profile/?rcl-confirmdata=WyJqYXlsZW5lIGxpIiwiMmYyYjI2NTYyNWQ3NmE2NzA0YjA4MDkzYzY1MmZkNzkiXQ%3D%3D</a></p>
        <p>Не получается активировать аккаунт?</p>
        <p>Скопируйте текст ссылки ниже, вставьте его в адресную строку браузера и нажмите Enter</p><p>Если это были не вы, то просто проигнорируйте это письмо</p><p><small>-----------------------------------------------------<br/>
    Это сообщение было сформировано автоматически, не надо отвечать на него.<br/>
    "МПК СЛАВИЯ"</small></p>; headers: From: МПК СЛАВИЯ <cms.pkslav@gmail.com>
Reply-To: МПК СЛАВИЯ <cms.pkslav@gmail.com>
Return-Path: МПК СЛАВИЯ <cms.pkslav@gmail.com>

email: jponeal@comcast.net; text: 
    <p>Вы или кто то другой зарегистрировались на сайте "МПК СЛАВИЯ" со следующими данными:</p>
    <p>Логин: ally elliott</p>
    <p>Пароль: ally elliott</p><p>Если это были вы, то подтвердите свою регистрацию перейдя по ссылке ниже:</p>
        <p><a href="http://pkslav.com/profile/?rcl-confirmdata=WyJhbGx5IGVsbGlvdHQiLCJmOWI5MDJmYzMyODlhZjRkZDA4ZGU1ZDFkZTU0ZjY4ZiJd">http://pkslav.com/profile/?rcl-confirmdata=WyJhbGx5IGVsbGlvdHQiLCJmOWI5MDJmYzMyODlhZjRkZDA4ZGU1ZDFkZTU0ZjY4ZiJd</a></p>
        <p>Не получается активировать аккаунт?</p>
        <p>Скопируйте текст ссылки ниже, вставьте его в адресную строку браузера и нажмите Enter</p><p>Если это были не вы, то просто проигнорируйте это письмо</p><p><small>-----------------------------------------------------<br/>
    Это сообщение было сформировано автоматически, не надо отвечать на него.<br/>
    "МПК СЛАВИЯ"</small></p>; headers: From: МПК СЛАВИЯ <cms.pkslav@gmail.com>
Reply-To: МПК СЛАВИЯ <cms.pkslav@gmail.com>
Return-Path: МПК СЛАВИЯ <cms.pkslav@gmail.com>

email: pr0yoyoer@ymail.com; text: 
    <p>Вы или кто то другой зарегистрировались на сайте "МПК СЛАВИЯ" со следующими данными:</p>
    <p>Логин: kolten caldwell</p>
    <p>Пароль: kolten caldwell</p><p>Если это были вы, то подтвердите свою регистрацию перейдя по ссылке ниже:</p>
        <p><a href="http://pkslav.com/profile/?rcl-confirmdata=WyJrb2x0ZW4gY2FsZHdlbGwiLCI2ODU1NDU2ZTJmZTQ2YTlkNDlkM2QzYWY0ZjU3NDQzZCJd">http://pkslav.com/profile/?rcl-confirmdata=WyJrb2x0ZW4gY2FsZHdlbGwiLCI2ODU1NDU2ZTJmZTQ2YTlkNDlkM2QzYWY0ZjU3NDQzZCJd</a></p>
        <p>Не получается активировать аккаунт?</p>
        <p>Скопируйте текст ссылки ниже, вставьте его в адресную строку браузера и нажмите Enter</p><p>Если это были не вы, то просто проигнорируйте это письмо</p><p><small>-----------------------------------------------------<br/>
    Это сообщение было сформировано автоматически, не надо отвечать на него.<br/>
    "МПК СЛАВИЯ"</small></p>; headers: From: МПК СЛАВИЯ <cms.pkslav@gmail.com>
Reply-To: МПК СЛАВИЯ <cms.pkslav@gmail.com>
Return-Path: МПК СЛАВИЯ <cms.pkslav@gmail.com>

email: hmc12988@hotmail.com; text: 
    <p>Вы или кто то другой зарегистрировались на сайте "МПК СЛАВИЯ" со следующими данными:</p>
    <p>Логин: arlo elliott</p>
    <p>Пароль: arlo elliott</p><p>Если это были вы, то подтвердите свою регистрацию перейдя по ссылке ниже:</p>
        <p><a href="http://pkslav.com/profile/?rcl-confirmdata=WyJhcmxvIGVsbGlvdHQiLCIzNTdhNmZkZjc2NDJiZjgxNWE4ODgyMmM0NDdkOWRjNCJd">http://pkslav.com/profile/?rcl-confirmdata=WyJhcmxvIGVsbGlvdHQiLCIzNTdhNmZkZjc2NDJiZjgxNWE4ODgyMmM0NDdkOWRjNCJd</a></p>
        <p>Не получается активировать аккаунт?</p>
        <p>Скопируйте текст ссылки ниже, вставьте его в адресную строку браузера и нажмите Enter</p><p>Если это были не вы, то просто проигнорируйте это письмо</p><p><small>-----------------------------------------------------<br/>
    Это сообщение было сформировано автоматически, не надо отвечать на него.<br/>
    "МПК СЛАВИЯ"</small></p>; headers: From: МПК СЛАВИЯ <cms.pkslav@gmail.com>
Reply-To: МПК СЛАВИЯ <cms.pkslav@gmail.com>
Return-Path: МПК СЛАВИЯ <cms.pkslav@gmail.com>

email: winners.akademy@gmail.com; text: 
    <p>Вы или кто то другой зарегистрировались на сайте "МПК СЛАВИЯ" со следующими данными:</p>
    <p>Логин: Laguna76</p>
    <p>Пароль: Alliluya76</p><p>Если это были вы, то подтвердите свою регистрацию перейдя по ссылке ниже:</p>
        <p><a href="http://pkslav.com/profile/?rcl-confirmdata=WyJMYWd1bmE3NiIsIjgxOWY0NmU1MmMyNTc2M2E1NWNjNjQyNDIyNjQ0MzE3Il0%3D">http://pkslav.com/profile/?rcl-confirmdata=WyJMYWd1bmE3NiIsIjgxOWY0NmU1MmMyNTc2M2E1NWNjNjQyNDIyNjQ0MzE3Il0%3D</a></p>
        <p>Не получается активировать аккаунт?</p>
        <p>Скопируйте текст ссылки ниже, вставьте его в адресную строку браузера и нажмите Enter</p><p>Если это были не вы, то просто проигнорируйте это письмо</p><p><small>-----------------------------------------------------<br/>
    Это сообщение было сформировано автоматически, не надо отвечать на него.<br/>
    "МПК СЛАВИЯ"</small></p>; headers: From: МПК СЛАВИЯ <cms.pkslav@gmail.com>
Reply-To: МПК СЛАВИЯ <cms.pkslav@gmail.com>
Return-Path: МПК СЛАВИЯ <cms.pkslav@gmail.com>

email: carstonj25@gmail.com; text: 
    <p>Вы или кто то другой зарегистрировались на сайте "МПК СЛАВИЯ" со следующими данными:</p>
    <p>Логин: maritza pennington</p>
    <p>Пароль: maritza pennington</p><p>Если это были вы, то подтвердите свою регистрацию перейдя по ссылке ниже:</p>
        <p><a href="http://pkslav.com/profile/?rcl-confirmdata=WyJtYXJpdHphIHBlbm5pbmd0b24iLCIwNDAyNTk1OWIxOTFmOGY5ZGUzZjkyNGYwOTQwNTE1ZiJd">http://pkslav.com/profile/?rcl-confirmdata=WyJtYXJpdHphIHBlbm5pbmd0b24iLCIwNDAyNTk1OWIxOTFmOGY5ZGUzZjkyNGYwOTQwNTE1ZiJd</a></p>
        <p>Не получается активировать аккаунт?</p>
        <p>Скопируйте текст ссылки ниже, вставьте его в адресную строку браузера и нажмите Enter</p><p>Если это были не вы, то просто проигнорируйте это письмо</p><p><small>-----------------------------------------------------<br/>
    Это сообщение было сформировано автоматически, не надо отвечать на него.<br/>
    "МПК СЛАВИЯ"</small></p>; headers: From: МПК СЛАВИЯ <cms.pkslav@gmail.com>
Reply-To: МПК СЛАВИЯ <cms.pkslav@gmail.com>
Return-Path: МПК СЛАВИЯ <cms.pkslav@gmail.com>

email: tjomomma@yahoo.com; text: 
    <p>Вы или кто то другой зарегистрировались на сайте "МПК СЛАВИЯ" со следующими данными:</p>
    <p>Логин: averi michael</p>
    <p>Пароль: averi michael</p><p>Если это были вы, то подтвердите свою регистрацию перейдя по ссылке ниже:</p>
        <p><a href="http://pkslav.com/profile/?rcl-confirmdata=WyJhdmVyaSBtaWNoYWVsIiwiNDAwMDhiOWE1MzgwZmNhY2NlMzk3NmJmN2MwOGFmNWIiXQ%3D%3D">http://pkslav.com/profile/?rcl-confirmdata=WyJhdmVyaSBtaWNoYWVsIiwiNDAwMDhiOWE1MzgwZmNhY2NlMzk3NmJmN2MwOGFmNWIiXQ%3D%3D</a></p>
        <p>Не получается активировать аккаунт?</p>
        <p>Скопируйте текст ссылки ниже, вставьте его в адресную строку браузера и нажмите Enter</p><p>Если это были не вы, то просто проигнорируйте это письмо</p><p><small>-----------------------------------------------------<br/>
    Это сообщение было сформировано автоматически, не надо отвечать на него.<br/>
    "МПК СЛАВИЯ"</small></p>; headers: From: МПК СЛАВИЯ <cms.pkslav@gmail.com>
Reply-To: МПК СЛАВИЯ <cms.pkslav@gmail.com>
Return-Path: МПК СЛАВИЯ <cms.pkslav@gmail.com>

