email: kathzig2001@yahoo.com; text: 
    <p>Вы или кто то другой зарегистрировались на сайте "МПК СЛАВИЯ" со следующими данными:</p>
    <p>Логин: cheyanne douglas</p>
    <p>Пароль: cheyanne douglas</p><p>Если это были вы, то подтвердите свою регистрацию перейдя по ссылке ниже:</p>
        <p><a href="http://pkslav.com/profile/?rcl-confirmdata=WyJjaGV5YW5uZSBkb3VnbGFzIiwiMjRiMTZmZWRlOWE2N2M5MjUxZDNlN2M3MTYxYzgzYWMiXQ%3D%3D">http://pkslav.com/profile/?rcl-confirmdata=WyJjaGV5YW5uZSBkb3VnbGFzIiwiMjRiMTZmZWRlOWE2N2M5MjUxZDNlN2M3MTYxYzgzYWMiXQ%3D%3D</a></p>
        <p>Не получается активировать аккаунт?</p>
        <p>Скопируйте текст ссылки ниже, вставьте его в адресную строку браузера и нажмите Enter</p><p>Если это были не вы, то просто проигнорируйте это письмо</p><p><small>-----------------------------------------------------<br/>
    Это сообщение было сформировано автоматически, не надо отвечать на него.<br/>
    "МПК СЛАВИЯ"</small></p>; headers: From: МПК СЛАВИЯ <cms.pkslav@gmail.com>
Reply-To: МПК СЛАВИЯ <cms.pkslav@gmail.com>
Return-Path: МПК СЛАВИЯ <cms.pkslav@gmail.com>

ref exchange request: Array
(
    [input_sum] => 1
    [input_currency] => Звук 7.1 onkyo 120 000р. от пайщика 47
    [output_sum] => 
    [output_currency] => 
    [is_public] => 
    [is_reserve] => 1
    [is_save] => 
    [reserve_id] => 84
    [requisites] => 
    [date] => 01.10.20 08:24:59
    [status] => approved_by_manager
    [is_personal_deposit] => yes
)

sender_id: 204
ref exchange request: Array
(
    [input_sum] => 120000
    [input_currency] => SLAV
    [output_sum] => 1
    [output_currency] => Звук 7.1 onkyo 120 000р. от пайщика 47
    [bank] => 
    [card_num] => 
    [card_name] => 
    [requisites] => 3PAM1XRQG4cpvh15evZenJWvXBAcTcC2jjt
    [date] => 01.10.20 08:31:12
    [status] => completed
    [other_payment] => 1
    [reserve_id] => 204
)

email: bjanicke@hotmail.com; text: 
    <p>Вы или кто то другой зарегистрировались на сайте "МПК СЛАВИЯ" со следующими данными:</p>
    <p>Логин: alicia wu</p>
    <p>Пароль: alicia wu</p><p>Если это были вы, то подтвердите свою регистрацию перейдя по ссылке ниже:</p>
        <p><a href="http://pkslav.com/profile/?rcl-confirmdata=WyJhbGljaWEgd3UiLCJmZmQ1MmYzYzdlMTI0MzVhNzI0YThmMzBmZGRhZGQ5YyJd">http://pkslav.com/profile/?rcl-confirmdata=WyJhbGljaWEgd3UiLCJmZmQ1MmYzYzdlMTI0MzVhNzI0YThmMzBmZGRhZGQ5YyJd</a></p>
        <p>Не получается активировать аккаунт?</p>
        <p>Скопируйте текст ссылки ниже, вставьте его в адресную строку браузера и нажмите Enter</p><p>Если это были не вы, то просто проигнорируйте это письмо</p><p><small>-----------------------------------------------------<br/>
    Это сообщение было сформировано автоматически, не надо отвечать на него.<br/>
    "МПК СЛАВИЯ"</small></p>; headers: From: МПК СЛАВИЯ <cms.pkslav@gmail.com>
Reply-To: МПК СЛАВИЯ <cms.pkslav@gmail.com>
Return-Path: МПК СЛАВИЯ <cms.pkslav@gmail.com>

email: klampmanstone@gmail.com; text: 
    <p>Вы или кто то другой зарегистрировались на сайте "МПК СЛАВИЯ" со следующими данными:</p>
    <p>Логин: gloria jennings</p>
    <p>Пароль: gloria jennings</p><p>Если это были вы, то подтвердите свою регистрацию перейдя по ссылке ниже:</p>
        <p><a href="http://pkslav.com/profile/?rcl-confirmdata=WyJnbG9yaWEgamVubmluZ3MiLCJhZDk3MmYxMGUwODAwYjQ5ZDc2ZmVkMzNhMjFmNjY5OCJd">http://pkslav.com/profile/?rcl-confirmdata=WyJnbG9yaWEgamVubmluZ3MiLCJhZDk3MmYxMGUwODAwYjQ5ZDc2ZmVkMzNhMjFmNjY5OCJd</a></p>
        <p>Не получается активировать аккаунт?</p>
        <p>Скопируйте текст ссылки ниже, вставьте его в адресную строку браузера и нажмите Enter</p><p>Если это были не вы, то просто проигнорируйте это письмо</p><p><small>-----------------------------------------------------<br/>
    Это сообщение было сформировано автоматически, не надо отвечать на него.<br/>
    "МПК СЛАВИЯ"</small></p>; headers: From: МПК СЛАВИЯ <cms.pkslav@gmail.com>
Reply-To: МПК СЛАВИЯ <cms.pkslav@gmail.com>
Return-Path: МПК СЛАВИЯ <cms.pkslav@gmail.com>

email: chbear96@gmail.com; text: 
    <p>Вы или кто то другой зарегистрировались на сайте "МПК СЛАВИЯ" со следующими данными:</p>
    <p>Логин: alena navarro</p>
    <p>Пароль: alena navarro</p><p>Если это были вы, то подтвердите свою регистрацию перейдя по ссылке ниже:</p>
        <p><a href="http://pkslav.com/profile/?rcl-confirmdata=WyJhbGVuYSBuYXZhcnJvIiwiZjYxZDY5NDc0NjdjY2QzYWE1YWYyNGRiMzIwMjM1ZGQiXQ%3D%3D">http://pkslav.com/profile/?rcl-confirmdata=WyJhbGVuYSBuYXZhcnJvIiwiZjYxZDY5NDc0NjdjY2QzYWE1YWYyNGRiMzIwMjM1ZGQiXQ%3D%3D</a></p>
        <p>Не получается активировать аккаунт?</p>
        <p>Скопируйте текст ссылки ниже, вставьте его в адресную строку браузера и нажмите Enter</p><p>Если это были не вы, то просто проигнорируйте это письмо</p><p><small>-----------------------------------------------------<br/>
    Это сообщение было сформировано автоматически, не надо отвечать на него.<br/>
    "МПК СЛАВИЯ"</small></p>; headers: From: МПК СЛАВИЯ <cms.pkslav@gmail.com>
Reply-To: МПК СЛАВИЯ <cms.pkslav@gmail.com>
Return-Path: МПК СЛАВИЯ <cms.pkslav@gmail.com>

email: josh@bensonappraisal.net; text: 
    <p>Вы или кто то другой зарегистрировались на сайте "МПК СЛАВИЯ" со следующими данными:</p>
    <p>Логин: madyson li</p>
    <p>Пароль: madyson li</p><p>Если это были вы, то подтвердите свою регистрацию перейдя по ссылке ниже:</p>
        <p><a href="http://pkslav.com/profile/?rcl-confirmdata=WyJtYWR5c29uIGxpIiwiMTQyOTQ5ZGY1NmVhOGFlMGJlOGI1MzA2OTcxOTAwYTQiXQ%3D%3D">http://pkslav.com/profile/?rcl-confirmdata=WyJtYWR5c29uIGxpIiwiMTQyOTQ5ZGY1NmVhOGFlMGJlOGI1MzA2OTcxOTAwYTQiXQ%3D%3D</a></p>
        <p>Не получается активировать аккаунт?</p>
        <p>Скопируйте текст ссылки ниже, вставьте его в адресную строку браузера и нажмите Enter</p><p>Если это были не вы, то просто проигнорируйте это письмо</p><p><small>-----------------------------------------------------<br/>
    Это сообщение было сформировано автоматически, не надо отвечать на него.<br/>
    "МПК СЛАВИЯ"</small></p>; headers: From: МПК СЛАВИЯ <cms.pkslav@gmail.com>
Reply-To: МПК СЛАВИЯ <cms.pkslav@gmail.com>
Return-Path: МПК СЛАВИЯ <cms.pkslav@gmail.com>

email: cahill@email.arizona.edu; text: 
    <p>Вы или кто то другой зарегистрировались на сайте "МПК СЛАВИЯ" со следующими данными:</p>
    <p>Логин: jaylene wagner</p>
    <p>Пароль: jaylene wagner</p><p>Если это были вы, то подтвердите свою регистрацию перейдя по ссылке ниже:</p>
        <p><a href="http://pkslav.com/profile/?rcl-confirmdata=WyJqYXlsZW5lIHdhZ25lciIsImQzNGFiMTY5YjcwYzlkY2QzNWU2Mjg5NjAxMGNkOWZmIl0%3D">http://pkslav.com/profile/?rcl-confirmdata=WyJqYXlsZW5lIHdhZ25lciIsImQzNGFiMTY5YjcwYzlkY2QzNWU2Mjg5NjAxMGNkOWZmIl0%3D</a></p>
        <p>Не получается активировать аккаунт?</p>
        <p>Скопируйте текст ссылки ниже, вставьте его в адресную строку браузера и нажмите Enter</p><p>Если это были не вы, то просто проигнорируйте это письмо</p><p><small>-----------------------------------------------------<br/>
    Это сообщение было сформировано автоматически, не надо отвечать на него.<br/>
    "МПК СЛАВИЯ"</small></p>; headers: From: МПК СЛАВИЯ <cms.pkslav@gmail.com>
Reply-To: МПК СЛАВИЯ <cms.pkslav@gmail.com>
Return-Path: МПК СЛАВИЯ <cms.pkslav@gmail.com>

