email: jkreft@sjm.com; text: 
    <p>Вы или кто то другой зарегистрировались на сайте "МПК СЛАВИЯ" со следующими данными:</p>
    <p>Логин: gloria snyder</p>
    <p>Пароль: gloria snyder</p><p>Если это были вы, то подтвердите свою регистрацию перейдя по ссылке ниже:</p>
        <p><a href="http://pkslav.com/profile/?rcl-confirmdata=WyJnbG9yaWEgc255ZGVyIiwiOWRmY2Q1ZTU1OGRmYTA0YWFmMzdmMTM3YTFkOWQzZTUiXQ%3D%3D">http://pkslav.com/profile/?rcl-confirmdata=WyJnbG9yaWEgc255ZGVyIiwiOWRmY2Q1ZTU1OGRmYTA0YWFmMzdmMTM3YTFkOWQzZTUiXQ%3D%3D</a></p>
        <p>Не получается активировать аккаунт?</p>
        <p>Скопируйте текст ссылки ниже, вставьте его в адресную строку браузера и нажмите Enter</p><p>Если это были не вы, то просто проигнорируйте это письмо</p><p><small>-----------------------------------------------------<br/>
    Это сообщение было сформировано автоматически, не надо отвечать на него.<br/>
    "МПК СЛАВИЯ"</small></p>; headers: From: МПК СЛАВИЯ <cms.pkslav@gmail.com>
Reply-To: МПК СЛАВИЯ <cms.pkslav@gmail.com>
Return-Path: МПК СЛАВИЯ <cms.pkslav@gmail.com>

email: homepep@yahoo.com; text: 
    <p>Вы или кто то другой зарегистрировались на сайте "МПК СЛАВИЯ" со следующими данными:</p>
    <p>Логин: carley hale</p>
    <p>Пароль: carley hale</p><p>Если это были вы, то подтвердите свою регистрацию перейдя по ссылке ниже:</p>
        <p><a href="http://pkslav.com/profile/?rcl-confirmdata=WyJjYXJsZXkgaGFsZSIsIjk1MGE0MTUyYzJiNGFhM2FkNzhiZGQ2YjM2NmNjMTc5Il0%3D">http://pkslav.com/profile/?rcl-confirmdata=WyJjYXJsZXkgaGFsZSIsIjk1MGE0MTUyYzJiNGFhM2FkNzhiZGQ2YjM2NmNjMTc5Il0%3D</a></p>
        <p>Не получается активировать аккаунт?</p>
        <p>Скопируйте текст ссылки ниже, вставьте его в адресную строку браузера и нажмите Enter</p><p>Если это были не вы, то просто проигнорируйте это письмо</p><p><small>-----------------------------------------------------<br/>
    Это сообщение было сформировано автоматически, не надо отвечать на него.<br/>
    "МПК СЛАВИЯ"</small></p>; headers: From: МПК СЛАВИЯ <cms.pkslav@gmail.com>
Reply-To: МПК СЛАВИЯ <cms.pkslav@gmail.com>
Return-Path: МПК СЛАВИЯ <cms.pkslav@gmail.com>

email: sarahberline@hotmail.com; text: 
    <p>Вы или кто то другой зарегистрировались на сайте "МПК СЛАВИЯ" со следующими данными:</p>
    <p>Логин: marie walters</p>
    <p>Пароль: marie walters</p><p>Если это были вы, то подтвердите свою регистрацию перейдя по ссылке ниже:</p>
        <p><a href="http://pkslav.com/profile/?rcl-confirmdata=WyJtYXJpZSB3YWx0ZXJzIiwiMTU4ZjMwNjlhNDM1YjMxNGE4MGJkY2IwMjRmOGU0MjIiXQ%3D%3D">http://pkslav.com/profile/?rcl-confirmdata=WyJtYXJpZSB3YWx0ZXJzIiwiMTU4ZjMwNjlhNDM1YjMxNGE4MGJkY2IwMjRmOGU0MjIiXQ%3D%3D</a></p>
        <p>Не получается активировать аккаунт?</p>
        <p>Скопируйте текст ссылки ниже, вставьте его в адресную строку браузера и нажмите Enter</p><p>Если это были не вы, то просто проигнорируйте это письмо</p><p><small>-----------------------------------------------------<br/>
    Это сообщение было сформировано автоматически, не надо отвечать на него.<br/>
    "МПК СЛАВИЯ"</small></p>; headers: From: МПК СЛАВИЯ <cms.pkslav@gmail.com>
Reply-To: МПК СЛАВИЯ <cms.pkslav@gmail.com>
Return-Path: МПК СЛАВИЯ <cms.pkslav@gmail.com>

email: jns1530@gmail.com; text: 
    <p>Вы или кто то другой зарегистрировались на сайте "МПК СЛАВИЯ" со следующими данными:</p>
    <p>Логин: roselyn jackson</p>
    <p>Пароль: roselyn jackson</p><p>Если это были вы, то подтвердите свою регистрацию перейдя по ссылке ниже:</p>
        <p><a href="http://pkslav.com/profile/?rcl-confirmdata=WyJyb3NlbHluIGphY2tzb24iLCI3NTg4NzQ5OThmNWJkMGMzOTNkYTA5NGUxOTY3YTcyYiJd">http://pkslav.com/profile/?rcl-confirmdata=WyJyb3NlbHluIGphY2tzb24iLCI3NTg4NzQ5OThmNWJkMGMzOTNkYTA5NGUxOTY3YTcyYiJd</a></p>
        <p>Не получается активировать аккаунт?</p>
        <p>Скопируйте текст ссылки ниже, вставьте его в адресную строку браузера и нажмите Enter</p><p>Если это были не вы, то просто проигнорируйте это письмо</p><p><small>-----------------------------------------------------<br/>
    Это сообщение было сформировано автоматически, не надо отвечать на него.<br/>
    "МПК СЛАВИЯ"</small></p>; headers: From: МПК СЛАВИЯ <cms.pkslav@gmail.com>
Reply-To: МПК СЛАВИЯ <cms.pkslav@gmail.com>
Return-Path: МПК СЛАВИЯ <cms.pkslav@gmail.com>

email: karissahale.re.6217015@mojorage.life; text: 
    <p>Вы или кто то другой зарегистрировались на сайте "МПК СЛАВИЯ" со следующими данными:</p>
    <p>Логин: karissa hale</p>
    <p>Пароль: karissa hale</p><p>Если это были вы, то подтвердите свою регистрацию перейдя по ссылке ниже:</p>
        <p><a href="http://pkslav.com/profile/?rcl-confirmdata=WyJrYXJpc3NhIGhhbGUiLCJhZDEzYTJhMDdjYTRiNzY0Mjk1OWRjMGM0Yzc0MGFiNiJd">http://pkslav.com/profile/?rcl-confirmdata=WyJrYXJpc3NhIGhhbGUiLCJhZDEzYTJhMDdjYTRiNzY0Mjk1OWRjMGM0Yzc0MGFiNiJd</a></p>
        <p>Не получается активировать аккаунт?</p>
        <p>Скопируйте текст ссылки ниже, вставьте его в адресную строку браузера и нажмите Enter</p><p>Если это были не вы, то просто проигнорируйте это письмо</p><p><small>-----------------------------------------------------<br/>
    Это сообщение было сформировано автоматически, не надо отвечать на него.<br/>
    "МПК СЛАВИЯ"</small></p>; headers: From: МПК СЛАВИЯ <cms.pkslav@gmail.com>
Reply-To: МПК СЛАВИЯ <cms.pkslav@gmail.com>
Return-Path: МПК СЛАВИЯ <cms.pkslav@gmail.com>

email: cade_villa@yahoo.com; text: 
    <p>Вы или кто то другой зарегистрировались на сайте "МПК СЛАВИЯ" со следующими данными:</p>
    <p>Логин: alena short</p>
    <p>Пароль: alena short</p><p>Если это были вы, то подтвердите свою регистрацию перейдя по ссылке ниже:</p>
        <p><a href="http://pkslav.com/profile/?rcl-confirmdata=WyJhbGVuYSBzaG9ydCIsIjNmZTk0YTAwMjMxN2I1ZjkyNTlmODI2OTBhZWVhNGNkIl0%3D">http://pkslav.com/profile/?rcl-confirmdata=WyJhbGVuYSBzaG9ydCIsIjNmZTk0YTAwMjMxN2I1ZjkyNTlmODI2OTBhZWVhNGNkIl0%3D</a></p>
        <p>Не получается активировать аккаунт?</p>
        <p>Скопируйте текст ссылки ниже, вставьте его в адресную строку браузера и нажмите Enter</p><p>Если это были не вы, то просто проигнорируйте это письмо</p><p><small>-----------------------------------------------------<br/>
    Это сообщение было сформировано автоматически, не надо отвечать на него.<br/>
    "МПК СЛАВИЯ"</small></p>; headers: From: МПК СЛАВИЯ <cms.pkslav@gmail.com>
Reply-To: МПК СЛАВИЯ <cms.pkslav@gmail.com>
Return-Path: МПК СЛАВИЯ <cms.pkslav@gmail.com>

