email: a.snow33193@gmail.com; text: 
    <p>Вы или кто то другой зарегистрировались на сайте "МПК СЛАВИЯ" со следующими данными:</p>
    <p>Логин: jasper wagner</p>
    <p>Пароль: jasper wagner</p><p>Если это были вы, то подтвердите свою регистрацию перейдя по ссылке ниже:</p>
        <p><a href="http://pkslav.com/profile/?rcl-confirmdata=WyJqYXNwZXIgd2FnbmVyIiwiYWE5NDJhYjJiZmE2ZWJkYTQ4NDBlNzM2MGNlNmU3ZWYiXQ%3D%3D">http://pkslav.com/profile/?rcl-confirmdata=WyJqYXNwZXIgd2FnbmVyIiwiYWE5NDJhYjJiZmE2ZWJkYTQ4NDBlNzM2MGNlNmU3ZWYiXQ%3D%3D</a></p>
        <p>Не получается активировать аккаунт?</p>
        <p>Скопируйте текст ссылки ниже, вставьте его в адресную строку браузера и нажмите Enter</p><p>Если это были не вы, то просто проигнорируйте это письмо</p><p><small>-----------------------------------------------------<br/>
    Это сообщение было сформировано автоматически, не надо отвечать на него.<br/>
    "МПК СЛАВИЯ"</small></p>; headers: From: МПК СЛАВИЯ <cms.pkslav@gmail.com>
Reply-To: МПК СЛАВИЯ <cms.pkslav@gmail.com>
Return-Path: МПК СЛАВИЯ <cms.pkslav@gmail.com>

email: dweissmueller@msn.com; text: 
    <p>Вы или кто то другой зарегистрировались на сайте "МПК СЛАВИЯ" со следующими данными:</p>
    <p>Логин: elsa michael</p>
    <p>Пароль: elsa michael</p><p>Если это были вы, то подтвердите свою регистрацию перейдя по ссылке ниже:</p>
        <p><a href="http://pkslav.com/profile/?rcl-confirmdata=WyJlbHNhIG1pY2hhZWwiLCJjMDU4ZjU0NGM3Mzc3ODJkZWFjZWZhNTMyZDlhZGQ0YyJd">http://pkslav.com/profile/?rcl-confirmdata=WyJlbHNhIG1pY2hhZWwiLCJjMDU4ZjU0NGM3Mzc3ODJkZWFjZWZhNTMyZDlhZGQ0YyJd</a></p>
        <p>Не получается активировать аккаунт?</p>
        <p>Скопируйте текст ссылки ниже, вставьте его в адресную строку браузера и нажмите Enter</p><p>Если это были не вы, то просто проигнорируйте это письмо</p><p><small>-----------------------------------------------------<br/>
    Это сообщение было сформировано автоматически, не надо отвечать на него.<br/>
    "МПК СЛАВИЯ"</small></p>; headers: From: МПК СЛАВИЯ <cms.pkslav@gmail.com>
Reply-To: МПК СЛАВИЯ <cms.pkslav@gmail.com>
Return-Path: МПК СЛАВИЯ <cms.pkslav@gmail.com>

email: bb5204@naver.com; text: 
    <p>Вы или кто то другой зарегистрировались на сайте "МПК СЛАВИЯ" со следующими данными:</p>
    <p>Логин: jaylene humphrey</p>
    <p>Пароль: jaylene humphrey</p><p>Если это были вы, то подтвердите свою регистрацию перейдя по ссылке ниже:</p>
        <p><a href="http://pkslav.com/profile/?rcl-confirmdata=WyJqYXlsZW5lIGh1bXBocmV5IiwiZTdiMjRiMTEyYTQ0ZmRkOWVlOTNiZGY5OThjNmNhMGUiXQ%3D%3D">http://pkslav.com/profile/?rcl-confirmdata=WyJqYXlsZW5lIGh1bXBocmV5IiwiZTdiMjRiMTEyYTQ0ZmRkOWVlOTNiZGY5OThjNmNhMGUiXQ%3D%3D</a></p>
        <p>Не получается активировать аккаунт?</p>
        <p>Скопируйте текст ссылки ниже, вставьте его в адресную строку браузера и нажмите Enter</p><p>Если это были не вы, то просто проигнорируйте это письмо</p><p><small>-----------------------------------------------------<br/>
    Это сообщение было сформировано автоматически, не надо отвечать на него.<br/>
    "МПК СЛАВИЯ"</small></p>; headers: From: МПК СЛАВИЯ <cms.pkslav@gmail.com>
Reply-To: МПК СЛАВИЯ <cms.pkslav@gmail.com>
Return-Path: МПК СЛАВИЯ <cms.pkslav@gmail.com>

email: mjw_panthers@yahoo.com; text: 
    <p>Вы или кто то другой зарегистрировались на сайте "МПК СЛАВИЯ" со следующими данными:</p>
    <p>Логин: reagan wu</p>
    <p>Пароль: reagan wu</p><p>Если это были вы, то подтвердите свою регистрацию перейдя по ссылке ниже:</p>
        <p><a href="http://pkslav.com/profile/?rcl-confirmdata=WyJyZWFnYW4gd3UiLCI1MjcyMGUwMDM1NDdjNzA1NjFiZjVlMDNiOTVhYTk5ZiJd">http://pkslav.com/profile/?rcl-confirmdata=WyJyZWFnYW4gd3UiLCI1MjcyMGUwMDM1NDdjNzA1NjFiZjVlMDNiOTVhYTk5ZiJd</a></p>
        <p>Не получается активировать аккаунт?</p>
        <p>Скопируйте текст ссылки ниже, вставьте его в адресную строку браузера и нажмите Enter</p><p>Если это были не вы, то просто проигнорируйте это письмо</p><p><small>-----------------------------------------------------<br/>
    Это сообщение было сформировано автоматически, не надо отвечать на него.<br/>
    "МПК СЛАВИЯ"</small></p>; headers: From: МПК СЛАВИЯ <cms.pkslav@gmail.com>
Reply-To: МПК СЛАВИЯ <cms.pkslav@gmail.com>
Return-Path: МПК СЛАВИЯ <cms.pkslav@gmail.com>

email: jramirez1918@me.com; text: 
    <p>Вы или кто то другой зарегистрировались на сайте "МПК СЛАВИЯ" со следующими данными:</p>
    <p>Логин: deangelo harris</p>
    <p>Пароль: deangelo harris</p><p>Если это были вы, то подтвердите свою регистрацию перейдя по ссылке ниже:</p>
        <p><a href="http://pkslav.com/profile/?rcl-confirmdata=WyJkZWFuZ2VsbyBoYXJyaXMiLCJjM2U4NzhlMjdmNTJlMmE1N2FjZTRkOWE3NmZkOWFjZiJd">http://pkslav.com/profile/?rcl-confirmdata=WyJkZWFuZ2VsbyBoYXJyaXMiLCJjM2U4NzhlMjdmNTJlMmE1N2FjZTRkOWE3NmZkOWFjZiJd</a></p>
        <p>Не получается активировать аккаунт?</p>
        <p>Скопируйте текст ссылки ниже, вставьте его в адресную строку браузера и нажмите Enter</p><p>Если это были не вы, то просто проигнорируйте это письмо</p><p><small>-----------------------------------------------------<br/>
    Это сообщение было сформировано автоматически, не надо отвечать на него.<br/>
    "МПК СЛАВИЯ"</small></p>; headers: From: МПК СЛАВИЯ <cms.pkslav@gmail.com>
Reply-To: МПК СЛАВИЯ <cms.pkslav@gmail.com>
Return-Path: МПК СЛАВИЯ <cms.pkslav@gmail.com>

