email: mcnameesrule2001@yahoo.com; text: 
    <p>Вы или кто то другой зарегистрировались на сайте "МПК СЛАВИЯ" со следующими данными:</p>
    <p>Логин: jerry douglas</p>
    <p>Пароль: jerry douglas</p><p>Если это были вы, то подтвердите свою регистрацию перейдя по ссылке ниже:</p>
        <p><a href="http://pkslav.com/profile/?rcl-confirmdata=WyJqZXJyeSBkb3VnbGFzIiwiNWE0YjI1YWFlZDI1YzJlZTFiNzRkZTcyZGMwM2MxNGUiXQ%3D%3D">http://pkslav.com/profile/?rcl-confirmdata=WyJqZXJyeSBkb3VnbGFzIiwiNWE0YjI1YWFlZDI1YzJlZTFiNzRkZTcyZGMwM2MxNGUiXQ%3D%3D</a></p>
        <p>Не получается активировать аккаунт?</p>
        <p>Скопируйте текст ссылки ниже, вставьте его в адресную строку браузера и нажмите Enter</p><p>Если это были не вы, то просто проигнорируйте это письмо</p><p><small>-----------------------------------------------------<br/>
    Это сообщение было сформировано автоматически, не надо отвечать на него.<br/>
    "МПК СЛАВИЯ"</small></p>; headers: From: МПК СЛАВИЯ <cms.pkslav@gmail.com>
Reply-To: МПК СЛАВИЯ <cms.pkslav@gmail.com>
Return-Path: МПК СЛАВИЯ <cms.pkslav@gmail.com>

email: alexsobolev74@bk.ru; text: 
    <p>Вы или кто то другой зарегистрировались на сайте "МПК СЛАВИЯ" со следующими данными:</p>
    <p>Логин: Traktorist</p>
    <p>Пароль: lotos2020</p><p>Если это были вы, то подтвердите свою регистрацию перейдя по ссылке ниже:</p>
        <p><a href="http://pkslav.com/profile/?rcl-confirmdata=WyJUcmFrdG9yaXN0IiwiZjczYjc2Y2U4OTQ5ZmUyOWJmMmE1MzdjZmE0MjBlOGYiXQ%3D%3D">http://pkslav.com/profile/?rcl-confirmdata=WyJUcmFrdG9yaXN0IiwiZjczYjc2Y2U4OTQ5ZmUyOWJmMmE1MzdjZmE0MjBlOGYiXQ%3D%3D</a></p>
        <p>Не получается активировать аккаунт?</p>
        <p>Скопируйте текст ссылки ниже, вставьте его в адресную строку браузера и нажмите Enter</p><p>Если это были не вы, то просто проигнорируйте это письмо</p><p><small>-----------------------------------------------------<br/>
    Это сообщение было сформировано автоматически, не надо отвечать на него.<br/>
    "МПК СЛАВИЯ"</small></p>; headers: From: МПК СЛАВИЯ <cms.pkslav@gmail.com>
Reply-To: МПК СЛАВИЯ <cms.pkslav@gmail.com>
Return-Path: МПК СЛАВИЯ <cms.pkslav@gmail.com>

email: taban_32@hotmail.com; text: 
    <p>Вы или кто то другой зарегистрировались на сайте "МПК СЛАВИЯ" со следующими данными:</p>
    <p>Логин: madyson pennington</p>
    <p>Пароль: madyson pennington</p><p>Если это были вы, то подтвердите свою регистрацию перейдя по ссылке ниже:</p>
        <p><a href="http://pkslav.com/profile/?rcl-confirmdata=WyJtYWR5c29uIHBlbm5pbmd0b24iLCI3MGM2MzlkZjVlMzBiZGVlNDQwZTRjZGY1OTlmZWMyYiJd">http://pkslav.com/profile/?rcl-confirmdata=WyJtYWR5c29uIHBlbm5pbmd0b24iLCI3MGM2MzlkZjVlMzBiZGVlNDQwZTRjZGY1OTlmZWMyYiJd</a></p>
        <p>Не получается активировать аккаунт?</p>
        <p>Скопируйте текст ссылки ниже, вставьте его в адресную строку браузера и нажмите Enter</p><p>Если это были не вы, то просто проигнорируйте это письмо</p><p><small>-----------------------------------------------------<br/>
    Это сообщение было сформировано автоматически, не надо отвечать на него.<br/>
    "МПК СЛАВИЯ"</small></p>; headers: From: МПК СЛАВИЯ <cms.pkslav@gmail.com>
Reply-To: МПК СЛАВИЯ <cms.pkslav@gmail.com>
Return-Path: МПК СЛАВИЯ <cms.pkslav@gmail.com>

ref exchange request: Array
(
    [input_sum] => 1
    [input_currency] => Ногинск Маникюр 1000₽ пайщик №487
    [output_sum] => 1000
    [output_currency] => RUB
    [bank] => 
    [card_num] => 
    [card_name] => 
    [requisites] => 3PAM1XRQG4cpvh15evZenJWvXBAcTcC2jjt
    [date] => 18.09.20 19:35:11
    [status] => completed
)

